Arguments: 
  /home/virinchi/.asdf/installs/nodejs/16.13.0/bin/node /home/virinchi/.asdf/installs/nodejs/16.13.0/.npm/bin/yarn add moment.js

PATH: 
  /home/virinchi/.asdf/plugins/nodejs/shims:/home/virinchi/.asdf/installs/nodejs/16.13.0/.npm/bin:/home/virinchi/.asdf/installs/nodejs/16.13.0/bin:/home/virinchi/.asdf/shims:/home/virinchi/.asdf/bin:/usr/local/sbin:/usr/local/bin:/usr/sbin:/usr/bin:/sbin:/bin:/usr/games:/usr/local/games:/usr/lib/wsl/lib:/mnt/c/Program Files (x86)/Common Files/Intel/Shared Libraries/redist/intel64/compiler:/mnt/c/Program Files (x86)/VMware/VMware Player/bin/:/mnt/c/Program Files (x86)/NVIDIA Corporation/PhysX/Common:/mnt/c/Windows/system32:/mnt/c/Windows:/mnt/c/Windows/System32/Wbem:/mnt/c/Windows/System32/WindowsPowerShell/v1.0/:/mnt/c/Windows/System32/OpenSSH/:/mnt/c/Program Files/Microsoft SQL Server/Client SDK/ODBC/110/Tools/Binn/:/mnt/c/Program Files (x86)/Microsoft SQL Server/120/Tools/Binn/:/mnt/c/Program Files/Microsoft SQL Server/120/Tools/Binn/:/mnt/c/Program Files/Microsoft SQL Server/120/DTS/Binn/:/mnt/c/Program Files (x86)/Windows Kits/8.1/Windows Performance Toolkit/:/mnt/c/Program Files/Common Files/Autodesk Shared/:/mnt/c/Users/virin/AppData/Local/Programs/PythonCodingPack/Scripts:/mnt/c/Users/virin/AppData/Local/Programs/PythonCodingPack:/mnt/c/Users/virin/AppData/Local/Microsoft/WindowsApps:/mnt/c/Users/virin/AppData/Local/Programs/Microsoft VS Code/bin:/mnt/c/Program Files/JetBrains/PyCharm Community Edition 2021.1.3/bin

Yarn version: 
  1.22.17

Node version: 
  16.13.0

Platform: 
  linux x64

Trace: 
  Error: https://registry.yarnpkg.com/moment.js: Not found
      at Request.params.callback [as _callback] (/home/virinchi/.asdf/installs/nodejs/16.13.0/.npm/lib/node_modules/yarn/lib/cli.js:67029:18)
      at Request.self.callback (/home/virinchi/.asdf/installs/nodejs/16.13.0/.npm/lib/node_modules/yarn/lib/cli.js:140883:22)
      at Request.emit (node:events:390:28)
      at Request.<anonymous> (/home/virinchi/.asdf/installs/nodejs/16.13.0/.npm/lib/node_modules/yarn/lib/cli.js:141855:10)
      at Request.emit (node:events:390:28)
      at IncomingMessage.<anonymous> (/home/virinchi/.asdf/installs/nodejs/16.13.0/.npm/lib/node_modules/yarn/lib/cli.js:141777:12)
      at Object.onceWrapper (node:events:509:28)
      at IncomingMessage.emit (node:events:402:35)
      at endReadableNT (node:internal/streams/readable:1343:12)
      at processTicksAndRejections (node:internal/process/task_queues:83:21)

npm manifest: 
  {
    "devDependencies": {
      "tailwindcss": "^3.3.2"
    },
    "dependencies": {
      "axios": "^1.4.0",
      "moment": "^2.29.4"
    }
  }

yarn manifest: 
  No manifest

Lockfile: 
  No lockfile
